[2025-07-26 09:46:56] INFO: Starting Git-Based Intelligence Engine...
[2025-07-26 09:46:56] INFO: Collecting commit pattern analysis...
[2025-07-26 09:47:16] INFO: Starting Git-Based Intelligence Engine...
[2025-07-26 09:47:16] INFO: Collecting commit pattern analysis...
[2025-07-26 09:47:18] INFO: Commit patterns saved to /Users/nalve/ce-simple/data/git-metrics/commit-patterns.json
[2025-07-26 09:47:18] INFO: Collecting branch lifecycle metrics...
[2025-07-26 09:47:18] INFO: Branch lifecycle saved to /Users/nalve/ce-simple/data/git-metrics/branch-lifecycle.json
[2025-07-26 09:47:18] INFO: Collecting merge success tracking...
[2025-07-26 09:47:18] INFO: Merge success metrics saved to /Users/nalve/ce-simple/data/git-metrics/merge-success.json
[2025-07-26 09:47:18] INFO: Collecting performance timeline data...
[2025-07-26 09:47:38] INFO: Starting Git-Based Intelligence Engine...
[2025-07-26 09:47:38] INFO: Collecting commit pattern analysis...
[2025-07-26 09:47:40] INFO: Commit patterns saved to /Users/nalve/ce-simple/data/git-metrics/commit-patterns.json
[2025-07-26 09:47:40] INFO: Collecting branch lifecycle metrics...
[2025-07-26 09:47:40] INFO: Branch lifecycle saved to /Users/nalve/ce-simple/data/git-metrics/branch-lifecycle.json
[2025-07-26 09:47:40] INFO: Collecting merge success tracking...
[2025-07-26 09:47:40] INFO: Merge success metrics saved to /Users/nalve/ce-simple/data/git-metrics/merge-success.json
[2025-07-26 09:47:40] INFO: Collecting performance timeline data...
[2025-07-26 09:47:41] INFO: Performance timeline saved to /Users/nalve/ce-simple/data/git-metrics/performance-timeline.json
[2025-07-26 09:47:41] INFO: Analyzing orchestration patterns for intelligent decisions...
[2025-07-26 09:47:41] INFO: Orchestration analysis saved to /Users/nalve/ce-simple/data/git-metrics/orchestration-analysis.json
[2025-07-26 09:47:41] INFO: Integrating Git intelligence with VDD commands...
[2025-07-26 09:47:41] INFO: VDD integration file created at /Users/nalve/ce-simple/data/git-metrics/vdd-integration.json
[2025-07-26 09:47:41] INFO: Git-Based Intelligence Engine completed successfully
[2025-07-26 09:47:41] INFO: Metrics available in: /Users/nalve/ce-simple/data/git-metrics
[2025-07-26 09:47:41] INFO: Integration file: /Users/nalve/ce-simple/data/git-metrics/vdd-integration.json
[2025-07-26 09:55:44] INFO: Starting Git-Based Intelligence Engine...
[2025-07-26 09:55:44] INFO: Collecting commit pattern analysis...
[2025-07-26 09:55:46] INFO: Commit patterns saved to /Users/nalve/ce-simple/data/git-metrics/commit-patterns.json
[2025-07-26 09:55:46] INFO: Collecting branch lifecycle metrics...
[2025-07-26 09:55:46] INFO: Branch lifecycle saved to /Users/nalve/ce-simple/data/git-metrics/branch-lifecycle.json
[2025-07-26 09:55:46] INFO: Collecting merge success tracking...
[2025-07-26 09:55:46] INFO: Merge success metrics saved to /Users/nalve/ce-simple/data/git-metrics/merge-success.json
[2025-07-26 09:55:46] INFO: Collecting performance timeline data...
[2025-07-26 09:55:47] INFO: Performance timeline saved to /Users/nalve/ce-simple/data/git-metrics/performance-timeline.json
[2025-07-26 09:55:47] INFO: Analyzing orchestration patterns for intelligent decisions...
[2025-07-26 09:55:47] INFO: Orchestration analysis saved to /Users/nalve/ce-simple/data/git-metrics/orchestration-analysis.json
[2025-07-26 09:55:47] INFO: Integrating Git intelligence with VDD commands...
[2025-07-26 09:55:47] INFO: VDD integration file created at /Users/nalve/ce-simple/data/git-metrics/vdd-integration.json
[2025-07-26 09:55:47] INFO: Git-Based Intelligence Engine completed successfully
[2025-07-26 09:55:47] INFO: Metrics available in: /Users/nalve/ce-simple/data/git-metrics
[2025-07-26 09:55:47] INFO: Integration file: /Users/nalve/ce-simple/data/git-metrics/vdd-integration.json
[2025-07-26 09:57:14] INFO: Starting Git-Based Intelligence Engine...
[2025-07-26 09:57:14] INFO: Collecting commit pattern analysis...
[2025-07-26 09:57:16] INFO: Commit patterns saved to /Users/nalve/ce-simple/data/git-metrics/commit-patterns.json
[2025-07-26 09:57:16] INFO: Collecting branch lifecycle metrics...
[2025-07-26 09:57:16] INFO: Branch lifecycle saved to /Users/nalve/ce-simple/data/git-metrics/branch-lifecycle.json
[2025-07-26 09:57:16] INFO: Collecting merge success tracking...
[2025-07-26 09:57:16] INFO: Merge success metrics saved to /Users/nalve/ce-simple/data/git-metrics/merge-success.json
[2025-07-26 09:57:16] INFO: Collecting performance timeline data...
[2025-07-26 09:57:17] INFO: Performance timeline saved to /Users/nalve/ce-simple/data/git-metrics/performance-timeline.json
[2025-07-26 09:57:17] INFO: Analyzing orchestration patterns for intelligent decisions...
[2025-07-26 09:57:17] INFO: Orchestration analysis saved to /Users/nalve/ce-simple/data/git-metrics/orchestration-analysis.json
[2025-07-26 09:57:17] INFO: Integrating Git intelligence with VDD commands...
[2025-07-26 09:57:17] INFO: VDD integration file created at /Users/nalve/ce-simple/data/git-metrics/vdd-integration.json
[2025-07-26 09:57:17] INFO: Git-Based Intelligence Engine completed successfully
[2025-07-26 09:57:17] INFO: Metrics available in: /Users/nalve/ce-simple/data/git-metrics
[2025-07-26 09:57:17] INFO: Integration file: /Users/nalve/ce-simple/data/git-metrics/vdd-integration.json
[2025-07-26 09:57:18] INFO: Starting Git-Based Intelligence Engine...
[2025-07-26 09:57:18] INFO: Collecting commit pattern analysis...
[2025-07-26 09:57:20] INFO: Commit patterns saved to /Users/nalve/ce-simple/data/git-metrics/commit-patterns.json
[2025-07-26 09:57:20] INFO: Collecting branch lifecycle metrics...
[2025-07-26 09:57:20] INFO: Branch lifecycle saved to /Users/nalve/ce-simple/data/git-metrics/branch-lifecycle.json
[2025-07-26 09:57:20] INFO: Collecting merge success tracking...
[2025-07-26 09:57:20] INFO: Merge success metrics saved to /Users/nalve/ce-simple/data/git-metrics/merge-success.json
[2025-07-26 09:57:20] INFO: Collecting performance timeline data...
[2025-07-26 09:57:21] INFO: Performance timeline saved to /Users/nalve/ce-simple/data/git-metrics/performance-timeline.json
[2025-07-26 09:57:21] INFO: Analyzing orchestration patterns for intelligent decisions...
[2025-07-26 09:57:21] INFO: Orchestration analysis saved to /Users/nalve/ce-simple/data/git-metrics/orchestration-analysis.json
[2025-07-26 09:57:21] INFO: Integrating Git intelligence with VDD commands...
[2025-07-26 09:57:21] INFO: VDD integration file created at /Users/nalve/ce-simple/data/git-metrics/vdd-integration.json
[2025-07-26 09:57:21] INFO: Git-Based Intelligence Engine completed successfully
[2025-07-26 09:57:21] INFO: Metrics available in: /Users/nalve/ce-simple/data/git-metrics
[2025-07-26 09:57:21] INFO: Integration file: /Users/nalve/ce-simple/data/git-metrics/vdd-integration.json
