INFO:__main__:System health monitoring started
INFO:__main__:System Health: 0.00
INFO:__main__:System Health: 0.00
INFO:__main__:System Health: 0.00
INFO:__main__:System Health: 0.00
INFO:__main__:System Health: 0.00
INFO:__main__:System Health: 0.00
INFO:__main__:System Health: 0.00
INFO:__main__:System Health: 0.00
INFO:__main__:System Health: 0.00
INFO:__main__:System Health: 0.00
INFO:__main__:System Health: 0.00
INFO:__main__:System Health: 0.00
INFO:__main__:System Health: 0.00
INFO:__main__:System Health: 0.00
INFO:__main__:System Health: 0.00
INFO:__main__:System Health: 0.00
INFO:__main__:System Health: 0.00
INFO:__main__:System Health: 0.00
INFO:__main__:System Health: 0.00
INFO:__main__:System Health: 0.00
INFO:__main__:System Health: 0.00
INFO:__main__:System Health: 0.00
INFO:__main__:System Health: 0.00
INFO:__main__:System Health: 0.00
INFO:__main__:System Health: 0.00
INFO:__main__:System Health: 0.00
INFO:__main__:System Health: 0.00
INFO:__main__:System Health: 0.00
INFO:__main__:System Health: 0.00
INFO:__main__:System Health: 0.00
INFO:__main__:System Health: 0.00
INFO:__main__:System Health: 0.00
INFO:__main__:System Health: 0.00
INFO:__main__:System Health: 0.00
INFO:__main__:System Health: 0.00
INFO:__main__:System Health: 0.00
INFO:__main__:System Health: 0.00
INFO:__main__:System Health: 0.00
INFO:__main__:System Health: 0.00
INFO:__main__:System Health: 0.00
INFO:__main__:System Health: 0.00
INFO:__main__:System Health: 0.00
INFO:__main__:System Health: 0.00
INFO:__main__:System Health: 0.00
INFO:__main__:System Health: 0.00
INFO:__main__:System Health: 0.00
INFO:__main__:System Health: 0.00
INFO:__main__:System Health: 0.00
INFO:__main__:System Health: 0.00
INFO:__main__:System Health: 0.00
INFO:__main__:System Health: 0.00
INFO:__main__:System Health: 0.00
INFO:__main__:System Health: 0.00
INFO:__main__:System Health: 0.00
INFO:__main__:System Health: 0.00
INFO:__main__:System Health: 0.00
INFO:__main__:System Health: 0.00
INFO:__main__:System Health: 0.00
INFO:__main__:System Health: 0.00
INFO:__main__:System Health: 0.00
INFO:__main__:System Health: 0.00
INFO:__main__:System Health: 0.00
INFO:__main__:System Health: 0.00
INFO:__main__:System Health: 0.00
INFO:__main__:System Health: 0.00
INFO:__main__:System Health: 0.00
INFO:__main__:System Health: 0.00
INFO:__main__:System Health: 0.00
INFO:__main__:System Health: 0.00
INFO:__main__:System Health: 0.00
INFO:__main__:System Health: 0.00
INFO:__main__:System Health: 0.00
INFO:__main__:System Health: 0.00
INFO:__main__:System Health: 0.00
INFO:__main__:System Health: 0.00
INFO:__main__:System Health: 0.00
INFO:__main__:System Health: 0.00
INFO:__main__:System Health: 0.00
INFO:__main__:System Health: 0.00
INFO:__main__:System Health: 0.00
INFO:__main__:System Health: 0.00
INFO:__main__:System Health: 0.00
INFO:__main__:System Health: 0.00
INFO:__main__:System Health: 0.00
INFO:__main__:System Health: 0.00
INFO:__main__:System Health: 0.00
INFO:__main__:System Health: 0.00
INFO:__main__:System Health: 0.00
INFO:__main__:System Health: 0.00
INFO:__main__:System Health: 0.00
INFO:__main__:System Health: 0.00
INFO:__main__:System Health: 0.00
INFO:__main__:System Health: 0.00
INFO:__main__:System Health: 0.00
INFO:__main__:System Health: 0.00
INFO:__main__:System Health: 0.00
INFO:__main__:System Health: 0.00
INFO:__main__:System Health: 0.00
INFO:__main__:System Health: 0.00
INFO:__main__:System Health: 0.00
INFO:__main__:System Health: 0.00
INFO:__main__:System Health: 0.00
INFO:__main__:System Health: 0.00
INFO:__main__:System Health: 0.00
INFO:__main__:System Health: 0.00
INFO:__main__:System Health: 0.00
INFO:__main__:System Health: 0.00
INFO:__main__:System Health: 0.00
INFO:__main__:System Health: 0.00
INFO:__main__:System Health: 0.00
INFO:__main__:System Health: 0.00
INFO:__main__:System Health: 0.00
INFO:__main__:System Health: 0.00
INFO:__main__:System Health: 0.24
INFO:__main__:System Health: 0.24
INFO:__main__:System Health: 0.24
INFO:__main__:System Health: 0.24
INFO:__main__:System Health: 0.24
INFO:__main__:System Health: 0.24
INFO:__main__:System Health: 0.24
INFO:__main__:System Health: 0.24
INFO:__main__:System Health: 0.24
INFO:__main__:System Health: 0.24
INFO:__main__:System Health: 0.24
INFO:__main__:System Health: 0.24
INFO:__main__:System Health: 0.24
INFO:__main__:System Health: 0.24
INFO:__main__:System Health: 0.24
INFO:__main__:System Health: 0.24
INFO:__main__:System Health: 0.24
INFO:__main__:System Health: 0.24
INFO:__main__:System Health: 0.24
INFO:__main__:System Health: 0.24
INFO:__main__:System Health: 0.24
INFO:__main__:System Health: 0.24
INFO:__main__:System Health: 0.24
INFO:__main__:System Health: 0.24
INFO:__main__:System Health: 0.24
INFO:__main__:System Health: 0.24
INFO:__main__:System Health: 0.24
INFO:__main__:System Health: 0.24
INFO:__main__:System Health: 0.24
INFO:__main__:System Health: 0.24
INFO:__main__:System Health: 0.24
INFO:__main__:System Health: 0.24
INFO:__main__:System Health: 0.24
INFO:__main__:System Health: 0.24
INFO:__main__:System Health: 0.24
INFO:__main__:System Health: 0.24
INFO:__main__:System Health: 0.24
INFO:__main__:System Health: 0.24
INFO:__main__:System Health: 0.24
INFO:__main__:System Health: 0.24
INFO:__main__:System Health: 0.24
INFO:__main__:System Health: 0.24
INFO:__main__:System Health: 0.24
INFO:__main__:System Health: 0.24
INFO:__main__:System Health: 0.24
INFO:__main__:System Health: 0.24
INFO:__main__:System Health: 0.24
INFO:__main__:System Health: 0.24
INFO:__main__:System Health: 0.24
INFO:__main__:System Health: 0.24
INFO:__main__:System Health: 0.24
INFO:__main__:System Health: 0.24
INFO:__main__:System Health: 0.24
INFO:__main__:System Health: 0.24
INFO:__main__:System Health: 0.24
INFO:__main__:System Health: 0.24
INFO:__main__:System Health: 0.24
INFO:__main__:System Health: 0.24
INFO:__main__:System Health: 0.24
INFO:__main__:System Health: 0.24
INFO:__main__:System Health: 0.24
INFO:__main__:System Health: 0.24
INFO:__main__:System Health: 0.24
INFO:__main__:System Health: 0.24
INFO:__main__:System Health: 0.24
INFO:__main__:System Health: 0.24
INFO:__main__:System Health: 0.24
INFO:__main__:System Health: 0.24
INFO:__main__:System Health: 0.24
INFO:__main__:System Health: 0.24
INFO:__main__:System Health: 0.24
INFO:__main__:System Health: 0.24
INFO:__main__:System Health: 0.24
INFO:__main__:System Health: 0.24
INFO:__main__:System Health: 0.24
INFO:__main__:System Health: 0.24
INFO:__main__:System Health: 0.24
INFO:__main__:System Health: 0.24
INFO:__main__:System Health: 0.24
INFO:__main__:System Health: 0.24
INFO:__main__:System Health: 0.24
INFO:__main__:System Health: 0.24
INFO:__main__:System Health: 0.24
INFO:__main__:System Health: 0.24
INFO:__main__:System Health: 0.24
INFO:__main__:System Health: 0.24
INFO:__main__:System Health: 0.24
INFO:__main__:System Health: 0.24
INFO:__main__:System Health: 0.24
INFO:__main__:System Health: 0.24
INFO:__main__:System Health: 0.24
INFO:__main__:System Health: 0.24
INFO:__main__:System Health: 0.24
INFO:__main__:System Health: 0.24
INFO:__main__:System Health: 0.24
INFO:__main__:System Health: 0.24
INFO:__main__:System Health: 0.24
INFO:__main__:System Health: 0.24
INFO:__main__:System Health: 0.24
INFO:__main__:System Health: 0.24
INFO:__main__:System Health: 0.24
INFO:__main__:System Health: 0.24
INFO:__main__:System Health: 0.24
INFO:__main__:System Health: 0.24
INFO:__main__:System Health: 0.24
INFO:__main__:System Health: 0.24
INFO:__main__:System Health: 0.24
INFO:__main__:System Health: 0.24
INFO:__main__:System Health: 0.24
INFO:__main__:System Health: 0.24
INFO:__main__:System Health: 0.24
INFO:__main__:System Health: 0.24
INFO:__main__:System Health: 0.24
INFO:__main__:System Health: 0.24
INFO:__main__:System Health: 0.24
INFO:__main__:System Health: 0.24
INFO:__main__:System Health: 0.24
INFO:__main__:System Health: 0.24
INFO:__main__:System Health: 0.24
INFO:__main__:System Health: 0.24
INFO:__main__:System Health: 0.02
INFO:__main__:System Health: 0.02
INFO:__main__:System Health: 0.02
INFO:__main__:System Health: 0.02
INFO:__main__:System Health: 0.02
INFO:__main__:System Health: 0.02
INFO:__main__:System Health: 0.02
INFO:__main__:System Health: 0.02
INFO:__main__:System Health: 0.02
INFO:__main__:System Health: 0.02
INFO:__main__:System Health: 0.02
INFO:__main__:System Health: 0.02
INFO:__main__:System Health: 0.02
INFO:__main__:System Health: 0.02
INFO:__main__:System Health: 0.02
INFO:__main__:System Health: 0.02
INFO:__main__:System Health: 0.02
INFO:__main__:System Health: 0.02
INFO:__main__:System Health: 0.02
INFO:__main__:System Health: 0.02
INFO:__main__:System Health: 0.02
INFO:__main__:System Health: 0.02
INFO:__main__:System Health: 0.02
INFO:__main__:System Health: 0.02
INFO:__main__:System Health: 0.02
INFO:__main__:System Health: 0.02
INFO:__main__:System Health: 0.02
INFO:__main__:System Health: 0.02
INFO:__main__:System Health: 0.02
INFO:__main__:System Health: 0.02
INFO:__main__:System Health: 0.02
INFO:__main__:System Health: 0.02
INFO:__main__:System Health: 0.02
INFO:__main__:System Health: 0.02
INFO:__main__:System Health: 0.02
INFO:__main__:System Health: 0.02
INFO:__main__:System Health: 0.02
INFO:__main__:System Health: 0.02
INFO:__main__:System Health: 0.02
INFO:__main__:System Health: 0.02
INFO:__main__:System Health: 0.02
INFO:__main__:System Health: 0.02
INFO:__main__:System Health: 0.02
INFO:__main__:System Health: 0.02
INFO:__main__:System Health: 0.02
INFO:__main__:System Health: 0.02
INFO:__main__:System Health: 0.02
INFO:__main__:System Health: 0.02
INFO:__main__:System Health: 0.02
INFO:__main__:System Health: 0.02
INFO:__main__:System Health: 0.02
INFO:__main__:System Health: 0.02
INFO:__main__:System Health: 0.02
INFO:__main__:System Health: 0.02
INFO:__main__:System Health: 0.02
INFO:__main__:System Health: 0.02
INFO:__main__:System Health: 0.02
INFO:__main__:System Health: 0.02
INFO:__main__:System Health: 0.02
INFO:__main__:System Health: 0.02
INFO:__main__:System Health: 0.02
INFO:__main__:System Health: 0.02
INFO:__main__:System Health: 0.02
INFO:__main__:System Health: 0.02
INFO:__main__:System Health: 0.02
INFO:__main__:System Health: 0.02
INFO:__main__:System Health: 0.02
INFO:__main__:System Health: 0.02
INFO:__main__:System Health: 0.02
INFO:__main__:System Health: 0.02
INFO:__main__:System Health: 0.02
INFO:__main__:System Health: 0.02
INFO:__main__:System Health: 0.02
INFO:__main__:System Health: 0.02
INFO:__main__:System Health: 0.02
INFO:__main__:System Health: 0.02
INFO:__main__:System Health: 0.02
INFO:__main__:System Health: 0.02
INFO:__main__:System Health: 0.02
CE-Simple Health Monitor Daemon started (PID: 37803)
Status file: data/monitoring/health_daemon_status.json
Press Ctrl+C to stop
[13:46:45] Health: 0.00, Voice: 0.00, Alerts: 0
[13:51:45] Health: 0.00, Voice: 0.00, Alerts: 0
[13:56:45] Health: 0.00, Voice: 0.00, Alerts: 0
[14:01:45] Health: 0.00, Voice: 0.00, Alerts: 0
[14:06:45] Health: 0.00, Voice: 0.00, Alerts: 0
[14:11:45] Health: 0.00, Voice: 0.00, Alerts: 0
[14:16:46] Health: 0.00, Voice: 0.00, Alerts: 0
[14:21:46] Health: 0.00, Voice: 0.00, Alerts: 0
[14:26:46] Health: 0.00, Voice: 0.00, Alerts: 0
[14:31:46] Health: 0.00, Voice: 0.00, Alerts: 0
[14:36:46] Health: 0.00, Voice: 0.00, Alerts: 0
[14:41:46] Health: 0.00, Voice: 0.00, Alerts: 0
[14:46:46] Health: 0.24, Voice: 0.00, Alerts: 0
[14:51:46] Health: 0.24, Voice: 0.00, Alerts: 0
[14:56:46] Health: 0.24, Voice: 0.00, Alerts: 0
[15:01:46] Health: 0.24, Voice: 0.00, Alerts: 0
[15:06:46] Health: 0.24, Voice: 0.00, Alerts: 0
[15:11:46] Health: 0.24, Voice: 0.00, Alerts: 0
[15:16:46] Health: 0.24, Voice: 0.00, Alerts: 0
[15:21:46] Health: 0.24, Voice: 0.00, Alerts: 0
[15:26:47] Health: 0.24, Voice: 0.00, Alerts: 0
[15:31:47] Health: 0.24, Voice: 0.00, Alerts: 0
[15:36:47] Health: 0.24, Voice: 0.00, Alerts: 0
[15:41:47] Health: 0.24, Voice: 0.00, Alerts: 0
[15:46:47] Health: 0.02, Voice: 0.00, Alerts: 0
[15:51:47] Health: 0.02, Voice: 0.00, Alerts: 0
[15:56:47] Health: 0.02, Voice: 0.00, Alerts: 0
[16:01:47] Health: 0.02, Voice: 0.00, Alerts: 0
[16:06:47] Health: 0.02, Voice: 0.00, Alerts: 0
[16:11:47] Health: 0.02, Voice: 0.00, Alerts: 0
[16:16:47] Health: 0.02, Voice: 0.00, Alerts: 0
[16:21:48] Health: 0.02, Voice: 0.00, Alerts: 0

Received signal 15, shutting down gracefully...
