[2025-07-26 09:49:08,738] INFO: Starting performance monitoring for session: test-session-001
[2025-07-26 09:49:10,959] ERROR: Could not end session: test-session-001 not found
[2025-07-26 09:49:45,547] INFO: Starting performance monitoring for session: test-session-002
[2025-07-26 09:49:47,796] WARNING: Could not load state file: Expecting value: line 7 column 26 (char 164)
[2025-07-26 09:49:47,797] ERROR: Could not end session: test-session-002 not found
[2025-07-26 09:50:03,179] WARNING: Could not load state file: Expecting value: line 7 column 26 (char 164)
[2025-07-26 09:50:03,179] INFO: Starting performance monitoring for session: test-session-003
[2025-07-26 09:50:05,398] INFO: Loaded 1 active sessions from state file
[2025-07-26 09:50:19,001] INFO: Loaded 1 active sessions from state file
[2025-07-26 09:50:19,001] INFO: Session test-session-003 completed: 1.00x speedup, 0.0% efficiency
[2025-07-26 09:50:19,002] INFO: Session metrics saved to /Users/nalve/ce-simple/data/performance-metrics/session_test-session-003_1753545003.json
[2025-07-26 09:50:25,046] INFO: Loaded 0 active sessions from state file
[2025-07-26 09:55:47,920] INFO: Loaded 0 active sessions from state file
[2025-07-26 09:55:47,979] INFO: Loaded 0 active sessions from state file
[2025-07-26 09:55:47,979] INFO: Starting performance monitoring for session: integration-test-1753545347
[2025-07-26 09:55:49,038] INFO: Loaded 1 active sessions from state file
[2025-07-26 09:55:49,038] INFO: Session integration-test-1753545347 completed: 1.00x speedup, 0.0% efficiency
[2025-07-26 09:55:49,038] INFO: Session metrics saved to /Users/nalve/ce-simple/data/performance-metrics/session_integration-test-1753545347_1753545347.json
[2025-07-26 09:57:17,535] INFO: Loaded 0 active sessions from state file
[2025-07-26 09:57:17,593] INFO: Loaded 0 active sessions from state file
[2025-07-26 09:57:17,594] INFO: Starting performance monitoring for session: integration-test-1753545437
[2025-07-26 09:57:18,654] INFO: Loaded 1 active sessions from state file
[2025-07-26 09:57:18,654] INFO: Session integration-test-1753545437 completed: 1.00x speedup, 0.0% efficiency
[2025-07-26 09:57:18,655] INFO: Session metrics saved to /Users/nalve/ce-simple/data/performance-metrics/session_integration-test-1753545437_1753545437.json
[2025-07-26 09:57:21,593] INFO: Loaded 0 active sessions from state file
